<?xml version="1.0" encoding="UTF-8"?>
<testsuite xmlns:xsi="http://www.w3.org/2001/XMLSchema-instance" xsi:noNamespaceSchemaLocation="https://maven.apache.org/surefire/maven-surefire-plugin/xsd/surefire-test-report-3.0.xsd" version="3.0" name="com.DINESH.stockManagement.StockManagementApplicationTests" time="28.545" tests="1" errors="0" skipped="0" failures="0">
  <properties>
[...]
</properties>
  <testcase name="contextLoads" classname="com.DINESH.stockManagement.StockManagementApplicationTests" time="1.447">
    <system-out><![CDATA[12:10:14,835 |-INFO in ch.qos.logback.classic.LoggerContext[default] - This is logback-classic version 1.5.6
12:10:14,863 |-INFO in ch.qos.logback.classic.util.ContextInitializer@7fbdb894 - Here is a list of configurators discovered as a service, by rank: 
12:10:14,863 |-INFO in ch.qos.logback.classic.util.ContextInitializer@7fbdb894 -   org.springframework.boot.logging.logback.RootLogLevelConfigurator
12:10:14,863 |-INFO in ch.qos.logback.classic.util.ContextInitializer@7fbdb894 - They will be invoked in order until ExecutionStatus.DO_NOT_INVOKE_NEXT_IF_ANY is returned.
12:10:14,863 |-INFO in ch.qos.logback.classic.util.ContextInitializer@7fbdb894 - Constructed configurator of type class org.springframework.boot.logging.logback.RootLogLevelConfigurator
12:10:14,884 |-INFO in ch.qos.logback.classic.util.ContextInitializer@7fbdb894 - org.springframework.boot.logging.logback.RootLogLevelConfigurator.configure() call lasted 1 milliseconds. ExecutionStatus=INVOKE_NEXT_IF_ANY
12:10:14,884 |-INFO in ch.qos.logback.classic.util.ContextInitializer@7fbdb894 - Trying to configure with ch.qos.logback.classic.joran.SerializedModelConfigurator
12:10:14,890 |-INFO in ch.qos.logback.classic.util.ContextInitializer@7fbdb894 - Constructed configurator of type class ch.qos.logback.classic.joran.SerializedModelConfigurator
12:10:14,903 |-INFO in ch.qos.logback.classic.LoggerContext[default] - Could NOT find resource [logback-test.scmo]
12:10:14,906 |-INFO in ch.qos.logback.classic.LoggerContext[default] - Could NOT find resource [logback.scmo]
12:10:14,906 |-INFO in ch.qos.logback.classic.util.ContextInitializer@7fbdb894 - ch.qos.logback.classic.joran.SerializedModelConfigurator.configure() call lasted 16 milliseconds. ExecutionStatus=INVOKE_NEXT_IF_ANY
12:10:14,906 |-INFO in ch.qos.logback.classic.util.ContextInitializer@7fbdb894 - Trying to configure with ch.qos.logback.classic.util.DefaultJoranConfigurator
12:10:14,914 |-INFO in ch.qos.logback.classic.util.ContextInitializer@7fbdb894 - Constructed configurator of type class ch.qos.logback.classic.util.DefaultJoranConfigurator
12:10:14,915 |-INFO in ch.qos.logback.classic.LoggerContext[default] - Could NOT find resource [logback-test.xml]
12:10:14,925 |-INFO in ch.qos.logback.classic.LoggerContext[default] - Found resource [logback.xml] at [file:/C:/Users/intern2/Documents/DINESH-DEMO-WORKSHOP/stockManagement-ServerSideWebApplication/target/classes/logback.xml]
12:10:15,903 |-WARN in ch.qos.logback.core.model.processor.IncludeModelHandler - Could not find resource corresponding to [org/springframework/boot/logging/logback/default.xml]
12:10:15,909 |-INFO in ch.qos.logback.core.joran.util.ConfigurationWatchListUtil@3081f72c - Adding [jar:file:/C:/Users/intern2/.m2/repository/org/springframework/boot/spring-boot/3.3.1/spring-boot-3.3.1.jar!/org/springframework/boot/logging/logback/console-appender.xml] to configuration watch list.
12:10:15,909 |-INFO in ch.qos.logback.core.joran.spi.ConfigurationWatchList@3148f668 - URL [jar:file:/C:/Users/intern2/.m2/repository/org/springframework/boot/spring-boot/3.3.1/spring-boot-3.3.1.jar!/org/springframework/boot/logging/logback/console-appender.xml] is not of type file
12:10:15,927 |-INFO in ch.qos.logback.core.model.processor.AppenderModelHandler - Processing appender named [CONSOLE]
12:10:15,927 |-INFO in ch.qos.logback.core.model.processor.AppenderModelHandler - About to instantiate appender of type [ch.qos.logback.core.ConsoleAppender]
12:10:16,066 |-INFO in ch.qos.logback.core.model.processor.ImplicitModelHandler - Assuming default type [ch.qos.logback.classic.encoder.PatternLayoutEncoder] for [encoder] property
12:10:16,200 |-INFO in ch.qos.logback.core.model.processor.AppenderModelHandler - Processing appender named [FILE]
12:10:16,200 |-INFO in ch.qos.logback.core.model.processor.AppenderModelHandler - About to instantiate appender of type [ch.qos.logback.core.rolling.RollingFileAppender]
12:10:16,208 |-INFO in ch.qos.logback.core.model.processor.ImplicitModelHandler - Assuming default type [ch.qos.logback.classic.encoder.PatternLayoutEncoder] for [encoder] property
12:10:16,217 |-WARN in ch.qos.logback.core.model.processor.ImplicitModelHandler - Ignoring unknown property [minInde] in [ch.qos.logback.core.rolling.FixedWindowRollingPolicy]
12:10:16,243 |-INFO in ch.qos.logback.core.rolling.FixedWindowRollingPolicy@6e005dc9 - No compression will be used
12:10:16,243 |-WARN in ch.qos.logback.core.rolling.FixedWindowRollingPolicy@6e005dc9 - Large window sizes are not allowed.
12:10:16,246 |-WARN in ch.qos.logback.core.rolling.FixedWindowRollingPolicy@6e005dc9 - MaxIndex reduced to 21
12:10:16,252 |-INFO in ch.qos.logback.core.rolling.RollingFileAppender[FILE] - Active log file name: APPLICATIONLOGGES/LOGFILE.log
12:10:16,252 |-INFO in ch.qos.logback.core.rolling.RollingFileAppender[FILE] - File property is set to [APPLICATIONLOGGES/LOGFILE.log]
12:10:16,255 |-INFO in ch.qos.logback.classic.model.processor.RootLoggerModelHandler - Setting level of ROOT logger to INFO
12:10:16,255 |-INFO in ch.qos.logback.core.model.processor.AppenderRefModelHandler - Attaching appender named [CONSOLE] to Logger[ROOT]
12:10:16,256 |-INFO in ch.qos.logback.core.model.processor.AppenderRefModelHandler - Attaching appender named [FILE] to Logger[ROOT]
12:10:16,262 |-INFO in ch.qos.logback.classic.model.processor.LoggerModelHandler - Setting level of logger [com.DINESH.stockManagement] to DEBUG
12:10:16,263 |-INFO in ch.qos.logback.core.model.processor.DefaultProcessor@7ceb3185 - End of configuration.
12:10:16,279 |-INFO in ch.qos.logback.classic.joran.JoranConfigurator@436c81a3 - Registering current configuration as safe fallback point
12:10:16,279 |-INFO in ch.qos.logback.classic.util.ContextInitializer@7fbdb894 - ch.qos.logback.classic.util.DefaultJoranConfigurator.configure() call lasted 1365 milliseconds. ExecutionStatus=DO_NOT_INVOKE_NEXT_IF_ANY

2024-09-11 12:10:17.632 INFO  main o.s.t.c.s.AnnotationConfigContextLoaderUtils : Could not detect default configuration classes for test class [com.DINESH.stockManagement.StockManagementApplicationTests]: StockManagementApplicationTests does not declare any static, non-private, non-final, nested classes annotated with @Configuration.
2024-09-11 12:10:18.203 INFO  main o.s.b.t.c.SpringBootTestContextBootstrapper : Found @SpringBootConfiguration com.DINESH.stockManagement.StockManagementApplication for test class com.DINESH.stockManagement.StockManagementApplicationTests
12:10:19,873 |-WARN in ch.qos.logback.core.model.processor.IncludeModelHandler - Could not find resource corresponding to [org/springframework/boot/logging/logback/default.xml]
12:10:19,873 |-INFO in ch.qos.logback.core.joran.util.ConfigurationWatchListUtil@3081f72c - Adding [jar:file:/C:/Users/intern2/.m2/repository/org/springframework/boot/spring-boot/3.3.1/spring-boot-3.3.1.jar!/org/springframework/boot/logging/logback/console-appender.xml] to configuration watch list.
12:10:19,873 |-INFO in ch.qos.logback.core.joran.spi.ConfigurationWatchList@383f3558 - URL [jar:file:/C:/Users/intern2/.m2/repository/org/springframework/boot/spring-boot/3.3.1/spring-boot-3.3.1.jar!/org/springframework/boot/logging/logback/console-appender.xml] is not of type file
12:10:19,877 |-INFO in ch.qos.logback.core.model.processor.AppenderModelHandler - Processing appender named [CONSOLE]
12:10:19,877 |-INFO in ch.qos.logback.core.model.processor.AppenderModelHandler - About to instantiate appender of type [ch.qos.logback.core.ConsoleAppender]
12:10:19,878 |-INFO in ch.qos.logback.core.model.processor.ImplicitModelHandler - Assuming default type [ch.qos.logback.classic.encoder.PatternLayoutEncoder] for [encoder] property
12:10:19,879 |-INFO in ch.qos.logback.core.model.processor.AppenderModelHandler - Processing appender named [FILE]
12:10:19,879 |-INFO in ch.qos.logback.core.model.processor.AppenderModelHandler - About to instantiate appender of type [ch.qos.logback.core.rolling.RollingFileAppender]
12:10:19,879 |-INFO in ch.qos.logback.core.model.processor.ImplicitModelHandler - Assuming default type [ch.qos.logback.classic.encoder.PatternLayoutEncoder] for [encoder] property
12:10:19,880 |-WARN in ch.qos.logback.core.model.processor.ImplicitModelHandler - Ignoring unknown property [minInde] in [ch.qos.logback.core.rolling.FixedWindowRollingPolicy]
12:10:19,880 |-INFO in ch.qos.logback.core.rolling.FixedWindowRollingPolicy@49b07ee3 - No compression will be used
12:10:19,880 |-WARN in ch.qos.logback.core.rolling.FixedWindowRollingPolicy@49b07ee3 - Large window sizes are not allowed.
12:10:19,880 |-WARN in ch.qos.logback.core.rolling.FixedWindowRollingPolicy@49b07ee3 - MaxIndex reduced to 21
12:10:19,881 |-INFO in ch.qos.logback.core.rolling.RollingFileAppender[FILE] - Active log file name: APPLICATIONLOGGES/LOGFILE.log
12:10:19,881 |-INFO in ch.qos.logback.core.rolling.RollingFileAppender[FILE] - File property is set to [APPLICATIONLOGGES/LOGFILE.log]
12:10:19,881 |-INFO in ch.qos.logback.classic.model.processor.RootLoggerModelHandler - Setting level of ROOT logger to INFO
12:10:19,882 |-INFO in ch.qos.logback.classic.jul.LevelChangePropagator@352e612e - Propagating INFO level on Logger[ROOT] onto the JUL framework
12:10:19,883 |-INFO in ch.qos.logback.core.model.processor.AppenderRefModelHandler - Attaching appender named [CONSOLE] to Logger[ROOT]
12:10:19,883 |-INFO in ch.qos.logback.core.model.processor.AppenderRefModelHandler - Attaching appender named [FILE] to Logger[ROOT]
12:10:19,883 |-INFO in ch.qos.logback.classic.model.processor.LoggerModelHandler - Setting level of logger [com.DINESH.stockManagement] to DEBUG
12:10:19,883 |-INFO in ch.qos.logback.classic.jul.LevelChangePropagator@352e612e - Propagating DEBUG level on Logger[com.DINESH.stockManagement] onto the JUL framework
12:10:19,883 |-INFO in ch.qos.logback.core.model.processor.DefaultProcessor@65f00478 - End of configuration.
12:10:19,883 |-INFO in org.springframework.boot.logging.logback.SpringBootJoranConfigurator@2424686b - Registering current configuration as safe fallback point


  .   ____          _            __ _ _
 /\\ / ___'_ __ _ _(_)_ __  __ _ \ \ \ \
( ( )\___ | '_ | '_| | '_ \/ _` | \ \ \ \
 \\/  ___)| |_)| | | | | || (_| |  ) ) ) )
  '  |____| .__|_| |_|_| |_\__, | / / / /
 =========|_|==============|___/=/_/_/_/

2024-09-11 12:10:20.070 INFO  background-preinit o.h.validator.internal.util.Version : HV000001: Hibernate Validator 8.0.1.Final
 :: Spring Boot ::                (v3.3.1)

2024-09-11 12:10:25.156 INFO  main o.s.d.r.c.RepositoryConfigurationDelegate : Bootstrapping Spring Data JPA repositories in DEFAULT mode.
2024-09-11 12:10:25.415 INFO  main o.s.d.r.c.RepositoryConfigurationDelegate : Finished Spring Data repository scanning in 229 ms. Found 14 JPA repository interfaces.
2024-09-11 12:10:27.940 INFO  main o.h.jpa.internal.util.LogHelper : HHH000204: Processing PersistenceUnitInfo [name: default]
2024-09-11 12:10:28.152 INFO  main org.hibernate.Version : HHH000412: Hibernate ORM core version 6.5.2.Final
2024-09-11 12:10:28.254 INFO  main o.h.c.i.RegionFactoryInitiator : HHH000026: Second-level cache disabled
2024-09-11 12:10:29.265 INFO  main o.s.o.j.p.SpringPersistenceUnitInfo : No LoadTimeWeaver setup: ignoring JPA class transformer
2024-09-11 12:10:29.324 INFO  main com.zaxxer.hikari.HikariDataSource : HikariPool-1 - Starting...
2024-09-11 12:10:30.966 INFO  main com.zaxxer.hikari.pool.HikariPool : HikariPool-1 - Added connection org.postgresql.jdbc.PgConnection@1b5af65b
2024-09-11 12:10:30.977 INFO  main com.zaxxer.hikari.HikariDataSource : HikariPool-1 - Start completed.
2024-09-11 12:10:31.073 WARN  main org.hibernate.orm.deprecation : HHH90000025: PostgreSQLDialect does not need to be specified explicitly using 'hibernate.dialect' (remove the property setting and it will be selected by default)
2024-09-11 12:10:34.350 INFO  main o.h.e.t.j.p.i.JtaPlatformInitiator : HHH000489: No JTA platform available (set 'hibernate.transaction.jta.platform' to enable JTA platform integration)
Hibernate: alter table if exists company alter column number_of_employees set data type bytea
2024-09-11 12:10:36.828 INFO  main o.s.o.j.LocalContainerEntityManagerFactoryBean : Initialized JPA EntityManagerFactory for persistence unit 'default'
2024-09-11 12:10:39.122 WARN  main o.s.b.a.o.j.JpaBaseConfiguration$JpaWebConfiguration : spring.jpa.open-in-view is enabled by default. Therefore, database queries may be performed during view rendering. Explicitly configure spring.jpa.open-in-view to disable this warning
2024-09-11 12:10:39.209 INFO  main o.s.s.c.a.a.c.InitializeAuthenticationProviderBeanManagerConfigurer$InitializeAuthenticationProviderManagerConfigurer : Global AuthenticationManager configured with AuthenticationProvider bean with name daoAuthenticationProvider
2024-09-11 12:10:39.211 WARN  main o.s.s.c.a.a.c.InitializeUserDetailsBeanManagerConfigurer$InitializeUserDetailsManagerConfigurer : Global AuthenticationManager configured with an AuthenticationProvider bean. UserDetailsService beans will not be used for username/password login. Consider removing the AuthenticationProvider bean. Alternatively, consider using the UserDetailsService in a manually instantiated DaoAuthenticationProvider.
]]></system-out>
    <system-err><![CDATA[WARNING: A Java agent has been loaded dynamically (C:\Users\intern2\.m2\repository\net\bytebuddy\byte-buddy-agent\1.14.17\byte-buddy-agent-1.14.17.jar)
WARNING: If a serviceability tool is in use, please run with -XX:+EnableDynamicAgentLoading to hide this warning
WARNING: If a serviceability tool is not in use, please run with -Djdk.instrument.traceUsage for more information
WARNING: Dynamic loading of agents will be disallowed by default in a future release
]]></system-err>
  </testcase>
</testsuite>